# JRE version: OpenJDK Runtime Environment Temurin-21.0.10+7 (21.0.10+7) (build 21.0.10+7-LTS)
# Java VM: OpenJDK 64-Bit Server VM Temurin-21.0.10+7 (21.0.10+7-LTS, mixed mode, sharing, tiered, compressed oops, compressed class ptrs, parallel gc, windows-amd64)
GC Precious Log:
 CardTable entry size: 512
 CPUs: 8 total, 8 available
 Memory: 8078M
 Large Page Support: Disabled
 NUMA Support: Disabled
 Compressed Oops: Enabled (32-bit)
 Alignments: Space 512K, Generation 512K, Heap 2M
 Heap Min Capacity: 100M
 Heap Initial Capacity: 100M
 Heap Max Capacity: 2G
 Pre-touch: Disabled
 Parallel Workers: 8
Heap:
 PSYoungGen      total 21504K, used 7000K [0x00000000d5580000, 0x00000000d6d00000, 0x0000000100000000)
  eden space 20992K, 31% used [0x00000000d5580000,0x00000000d5c062f0,0x00000000d6a00000)
  from space 512K, 62% used [0x00000000d6c80000,0x00000000d6cd0000,0x00000000d6d00000)
  to   space 1024K, 0% used [0x00000000d6b00000,0x00000000d6b00000,0x00000000d6c00000)
 ParOldGen       total 68608K, used 49091K [0x0000000080000000, 0x0000000084300000, 0x00000000d5580000)
  object space 68608K, 71% used [0x0000000080000000,0x0000000082ff0e98,0x0000000084300000)
 Metaspace       used 52378K, committed 53760K, reserved 1114112K
  class space    used 5688K, committed 6272K, reserved 1048576K
GC Heap History (20 events):
Event: 25.172 GC heap before
{Heap before GC invocations=27 (full 2):
 PSYoungGen      total 24576K, used 24196K [0x00000000d5580000, 0x00000000d7000000, 0x0000000100000000)
  eden space 22016K, 100% used [0x00000000d5580000,0x00000000d6b00000,0x00000000d6b00000)
  from space 2560K, 85% used [0x00000000d6d80000,0x00000000d6fa1000,0x00000000d7000000)
  to   space 2560K, 0% used [0x00000000d6b00000,0x00000000d6b00000,0x00000000d6d80000)
 ParOldGen       total 68608K, used 38346K [0x0000000080000000, 0x0000000084300000, 0x00000000d5580000)
  object space 68608K, 55% used [0x0000000080000000,0x0000000082572a20,0x0000000084300000)
 Metaspace       used 49610K, committed 50880K, reserved 1114112K
  class space    used 5422K, committed 5952K, reserved 1048576K
}
Event: 25.179 GC heap after
{Heap after GC invocations=27 (full 2):
 PSYoungGen      total 24576K, used 2240K [0x00000000d5580000, 0x00000000d7000000, 0x0000000100000000)
  eden space 22016K, 0% used [0x00000000d5580000,0x00000000d5580000,0x00000000d6b00000)
  from space 2560K, 87% used [0x00000000d6b00000,0x00000000d6d30010,0x00000000d6d80000)
  to   space 2560K, 0% used [0x00000000d6d80000,0x00000000d6d80000,0x00000000d7000000)
 ParOldGen       total 68608K, used 40397K [0x0000000080000000, 0x0000000084300000, 0x00000000d5580000)
  object space 68608K, 58% used [0x0000000080000000,0x0000000082773610,0x0000000084300000)
 Metaspace       used 49610K, committed 50880K, reserved 1114112K
  class space    used 5422K, committed 5952K, reserved 1048576K
}
Event: 25.255 GC heap before
{Heap before GC invocations=28 (full 2):
 PSYoungGen      total 24576K, used 24256K [0x00000000d5580000, 0x00000000d7000000, 0x0000000100000000)
  eden space 22016K, 100% used [0x00000000d5580000,0x00000000d6b00000,0x00000000d6b00000)
  from space 2560K, 87% used [0x00000000d6b00000,0x00000000d6d30010,0x00000000d6d80000)
  to   space 2560K, 0% used [0x00000000d6d80000,0x00000000d6d80000,0x00000000d7000000)
 ParOldGen       total 68608K, used 40397K [0x0000000080000000, 0x0000000084300000, 0x00000000d5580000)
  object space 68608K, 58% used [0x0000000080000000,0x0000000082773610,0x0000000084300000)
 Metaspace       used 49669K, committed 50944K, reserved 1114112K
  class space    used 5423K, committed 5952K, reserved 1048576K
}
Event: 25.258 GC heap after
{Heap after GC invocations=28 (full 2):
 PSYoungGen      total 24576K, used 2112K [0x00000000d5580000, 0x00000000d7000000, 0x0000000100000000)
  eden space 22016K, 0% used [0x00000000d5580000,0x00000000d5580000,0x00000000d6b00000)
  from space 2560K, 82% used [0x00000000d6d80000,0x00000000d6f90000,0x00000000d7000000)
  to   space 2560K, 0% used [0x00000000d6b00000,0x00000000d6b00000,0x00000000d6d80000)
 ParOldGen       total 68608K, used 42541K [0x0000000080000000, 0x0000000084300000, 0x00000000d5580000)
  object space 68608K, 62% used [0x0000000080000000,0x000000008298b620,0x0000000084300000)
 Metaspace       used 49669K, committed 50944K, reserved 1114112K
  class space    used 5423K, committed 5952K, reserved 1048576K
}
Event: 26.004 GC heap before
{Heap before GC invocations=29 (full 2):
 PSYoungGen      total 24576K, used 24128K [0x00000000d5580000, 0x00000000d7000000, 0x0000000100000000)
  eden space 22016K, 100% used [0x00000000d5580000,0x00000000d6b00000,0x00000000d6b00000)
  from space 2560K, 82% used [0x00000000d6d80000,0x00000000d6f90000,0x00000000d7000000)
  to   space 2560K, 0% used [0x00000000d6b00000,0x00000000d6b00000,0x00000000d6d80000)
 ParOldGen       total 68608K, used 42541K [0x0000000080000000, 0x0000000084300000, 0x00000000d5580000)
  object space 68608K, 62% used [0x0000000080000000,0x000000008298b620,0x0000000084300000)
 Metaspace       used 51139K, committed 52416K, reserved 1114112K
  class space    used 5589K, committed 6080K, reserved 1048576K
}
Event: 26.009 GC heap after
{Heap after GC invocations=29 (full 2):
 PSYoungGen      total 23552K, used 1184K [0x00000000d5580000, 0x00000000d6e00000, 0x0000000100000000)
  eden space 22016K, 0% used [0x00000000d5580000,0x00000000d5580000,0x00000000d6b00000)
  from space 1536K, 77% used [0x00000000d6b00000,0x00000000d6c28040,0x00000000d6c80000)
  to   space 1536K, 0% used [0x00000000d6c80000,0x00000000d6c80000,0x00000000d6e00000)
 ParOldGen       total 68608K, used 44346K [0x0000000080000000, 0x0000000084300000, 0x00000000d5580000)
  object space 68608K, 64% used [0x0000000080000000,0x0000000082b4eb78,0x0000000084300000)
 Metaspace       used 51139K, committed 52416K, reserved 1114112K
  class space    used 5589K, committed 6080K, reserved 1048576K
}
Event: 28.767 GC heap before
{Heap before GC invocations=30 (full 2):
 PSYoungGen      total 23552K, used 23200K [0x00000000d5580000, 0x00000000d6e00000, 0x0000000100000000)
  eden space 22016K, 100% used [0x00000000d5580000,0x00000000d6b00000,0x00000000d6b00000)
  from space 1536K, 77% used [0x00000000d6b00000,0x00000000d6c28040,0x00000000d6c80000)
  to   space 1536K, 0% used [0x00000000d6c80000,0x00000000d6c80000,0x00000000d6e00000)
 ParOldGen       total 68608K, used 44346K [0x0000000080000000, 0x0000000084300000, 0x00000000d5580000)
  object space 68608K, 64% used [0x0000000080000000,0x0000000082b4eb78,0x0000000084300000)
 Metaspace       used 51725K, committed 52992K, reserved 1114112K
  class space    used 5641K, committed 6144K, reserved 1048576K
}
Event: 28.770 GC heap after
{Heap after GC invocations=30 (full 2):
 PSYoungGen      total 23040K, used 686K [0x00000000d5580000, 0x00000000d6d80000, 0x0000000100000000)
  eden space 22016K, 0% used [0x00000000d5580000,0x00000000d5580000,0x00000000d6b00000)
  from space 1024K, 67% used [0x00000000d6c80000,0x00000000d6d2bb90,0x00000000d6d80000)
  to   space 1024K, 0% used [0x00000000d6b80000,0x00000000d6b80000,0x00000000d6c80000)
 ParOldGen       total 68608K, used 44762K [0x0000000080000000, 0x0000000084300000, 0x00000000d5580000)
  object space 68608K, 65% used [0x0000000080000000,0x0000000082bb6b98,0x0000000084300000)
 Metaspace       used 51725K, committed 52992K, reserved 1114112K
  class space    used 5641K, committed 6144K, reserved 1048576K
}
Event: 28.891 GC heap before
{Heap before GC invocations=31 (full 2):
 PSYoungGen      total 23040K, used 22702K [0x00000000d5580000, 0x00000000d6d80000, 0x0000000100000000)
  eden space 22016K, 100% used [0x00000000d5580000,0x00000000d6b00000,0x00000000d6b00000)
  from space 1024K, 67% used [0x00000000d6c80000,0x00000000d6d2bb90,0x00000000d6d80000)
  to   space 1024K, 0% used [0x00000000d6b80000,0x00000000d6b80000,0x00000000d6c80000)
 ParOldGen       total 68608K, used 44762K [0x0000000080000000, 0x0000000084300000, 0x00000000d5580000)
  object space 68608K, 65% used [0x0000000080000000,0x0000000082bb6b98,0x0000000084300000)
 Metaspace       used 51741K, committed 52992K, reserved 1114112K
  class space    used 5641K, committed 6144K, reserved 1048576K
}
Event: 28.894 GC heap after
{Heap after GC invocations=31 (full 2):
 PSYoungGen      total 23040K, used 847K [0x00000000d5580000, 0x00000000d6d00000, 0x0000000100000000)
  eden space 22016K, 0% used [0x00000000d5580000,0x00000000d5580000,0x00000000d6b00000)
  from space 1024K, 82% used [0x00000000d6b80000,0x00000000d6c53cc8,0x00000000d6c80000)
  to   space 512K, 0% used [0x00000000d6c80000,0x00000000d6c80000,0x00000000d6d00000)
 ParOldGen       total 68608K, used 45111K [0x0000000080000000, 0x0000000084300000, 0x00000000d5580000)
  object space 68608K, 65% used [0x0000000080000000,0x0000000082c0de28,0x0000000084300000)
 Metaspace       used 51741K, committed 52992K, reserved 1114112K
  class space    used 5641K, committed 6144K, reserved 1048576K
}
Event: 29.023 GC heap before
{Heap before GC invocations=32 (full 2):
 PSYoungGen      total 23040K, used 22863K [0x00000000d5580000, 0x00000000d6d00000, 0x0000000100000000)
  eden space 22016K, 100% used [0x00000000d5580000,0x00000000d6b00000,0x00000000d6b00000)
  from space 1024K, 82% used [0x00000000d6b80000,0x00000000d6c53cc8,0x00000000d6c80000)
  to   space 512K, 0% used [0x00000000d6c80000,0x00000000d6c80000,0x00000000d6d00000)
 ParOldGen       total 68608K, used 45111K [0x0000000080000000, 0x0000000084300000, 0x00000000d5580000)
  object space 68608K, 65% used [0x0000000080000000,0x0000000082c0de28,0x0000000084300000)
 Metaspace       used 51807K, committed 53056K, reserved 1114112K
  class space    used 5648K, committed 6144K, reserved 1048576K
}
Event: 29.027 GC heap after
{Heap after GC invocations=32 (full 2):
 PSYoungGen      total 21504K, used 486K [0x00000000d5580000, 0x00000000d7000000, 0x0000000100000000)
  eden space 20992K, 0% used [0x00000000d5580000,0x00000000d5580000,0x00000000d6a00000)
  from space 512K, 95% used [0x00000000d6c80000,0x00000000d6cf9aa0,0x00000000d6d00000)
  to   space 2560K, 0% used [0x00000000d6a00000,0x00000000d6a00000,0x00000000d6c80000)
 ParOldGen       total 68608K, used 46562K [0x0000000080000000, 0x0000000084300000, 0x00000000d5580000)
  object space 68608K, 67% used [0x0000000080000000,0x0000000082d78850,0x0000000084300000)
 Metaspace       used 51807K, committed 53056K, reserved 1114112K
  class space    used 5648K, committed 6144K, reserved 1048576K
}
Event: 29.089 GC heap before
{Heap before GC invocations=33 (full 2):
 PSYoungGen      total 21504K, used 21478K [0x00000000d5580000, 0x00000000d7000000, 0x0000000100000000)
  eden space 20992K, 100% used [0x00000000d5580000,0x00000000d6a00000,0x00000000d6a00000)
  from space 512K, 95% used [0x00000000d6c80000,0x00000000d6cf9aa0,0x00000000d6d00000)
  to   space 2560K, 0% used [0x00000000d6a00000,0x00000000d6a00000,0x00000000d6c80000)
 ParOldGen       total 68608K, used 46562K [0x0000000080000000, 0x0000000084300000, 0x00000000d5580000)
  object space 68608K, 67% used [0x0000000080000000,0x0000000082d78850,0x0000000084300000)
 Metaspace       used 51815K, committed 53056K, reserved 1114112K
  class space    used 5648K, committed 6144K, reserved 1048576K
}
Event: 29.091 GC heap after
{Heap after GC invocations=33 (full 2):
 PSYoungGen      total 22016K, used 896K [0x00000000d5580000, 0x00000000d6d00000, 0x0000000100000000)
  eden space 20992K, 0% used [0x00000000d5580000,0x00000000d5580000,0x00000000d6a00000)
  from space 1024K, 87% used [0x00000000d6a00000,0x00000000d6ae0000,0x00000000d6b00000)
  to   space 1536K, 0% used [0x00000000d6b80000,0x00000000d6b80000,0x00000000d6d00000)
 ParOldGen       total 68608K, used 47036K [0x0000000080000000, 0x0000000084300000, 0x00000000d5580000)
  object space 68608K, 68% used [0x0000000080000000,0x0000000082def220,0x0000000084300000)
 Metaspace       used 51815K, committed 53056K, reserved 1114112K
  class space    used 5648K, committed 6144K, reserved 1048576K
}
Event: 29.186 GC heap before
{Heap before GC invocations=34 (full 2):
 PSYoungGen      total 22016K, used 21888K [0x00000000d5580000, 0x00000000d6d00000, 0x0000000100000000)
  eden space 20992K, 100% used [0x00000000d5580000,0x00000000d6a00000,0x00000000d6a00000)
  from space 1024K, 87% used [0x00000000d6a00000,0x00000000d6ae0000,0x00000000d6b00000)
  to   space 1536K, 0% used [0x00000000d6b80000,0x00000000d6b80000,0x00000000d6d00000)
 ParOldGen       total 68608K, used 47036K [0x0000000080000000, 0x0000000084300000, 0x00000000d5580000)
  object space 68608K, 68% used [0x0000000080000000,0x0000000082def220,0x0000000084300000)
 Metaspace       used 51934K, committed 53248K, reserved 1114112K
  class space    used 5662K, committed 6208K, reserved 1048576K
}
Event: 29.189 GC heap after
{Heap after GC invocations=34 (full 2):
 PSYoungGen      total 22016K, used 862K [0x00000000d5580000, 0x00000000d6c80000, 0x0000000100000000)
  eden space 20992K, 0% used [0x00000000d5580000,0x00000000d5580000,0x00000000d6a00000)
  from space 1024K, 84% used [0x00000000d6b80000,0x00000000d6c57af8,0x00000000d6c80000)
  to   space 1024K, 0% used [0x00000000d6a00000,0x00000000d6a00000,0x00000000d6b00000)
 ParOldGen       total 68608K, used 47881K [0x0000000080000000, 0x0000000084300000, 0x00000000d5580000)
  object space 68608K, 69% used [0x0000000080000000,0x0000000082ec2588,0x0000000084300000)
 Metaspace       used 51934K, committed 53248K, reserved 1114112K
  class space    used 5662K, committed 6208K, reserved 1048576K
}
Event: 29.249 GC heap before
{Heap before GC invocations=35 (full 2):
 PSYoungGen      total 22016K, used 21854K [0x00000000d5580000, 0x00000000d6c80000, 0x0000000100000000)
  eden space 20992K, 100% used [0x00000000d5580000,0x00000000d6a00000,0x00000000d6a00000)
  from space 1024K, 84% used [0x00000000d6b80000,0x00000000d6c57af8,0x00000000d6c80000)
  to   space 1024K, 0% used [0x00000000d6a00000,0x00000000d6a00000,0x00000000d6b00000)
 ParOldGen       total 68608K, used 47881K [0x0000000080000000, 0x0000000084300000, 0x00000000d5580000)
  object space 68608K, 69% used [0x0000000080000000,0x0000000082ec2588,0x0000000084300000)
 Metaspace       used 51936K, committed 53248K, reserved 1114112K
  class space    used 5662K, committed 6208K, reserved 1048576K
}
Event: 29.251 GC heap after
{Heap after GC invocations=35 (full 2):
 PSYoungGen      total 22016K, used 1017K [0x00000000d5580000, 0x00000000d6f00000, 0x0000000100000000)
  eden space 20992K, 0% used [0x00000000d5580000,0x00000000d5580000,0x00000000d6a00000)
  from space 1024K, 99% used [0x00000000d6a00000,0x00000000d6afe4d8,0x00000000d6b00000)
  to   space 2560K, 0% used [0x00000000d6c80000,0x00000000d6c80000,0x00000000d6f00000)
 ParOldGen       total 68608K, used 48971K [0x0000000080000000, 0x0000000084300000, 0x00000000d5580000)
  object space 68608K, 71% used [0x0000000080000000,0x0000000082fd2e88,0x0000000084300000)
 Metaspace       used 51936K, committed 53248K, reserved 1114112K
  class space    used 5662K, committed 6208K, reserved 1048576K
}
Event: 29.321 GC heap before
{Heap before GC invocations=36 (full 2):
 PSYoungGen      total 22016K, used 22009K [0x00000000d5580000, 0x00000000d6f00000, 0x0000000100000000)
  eden space 20992K, 100% used [0x00000000d5580000,0x00000000d6a00000,0x00000000d6a00000)
  from space 1024K, 99% used [0x00000000d6a00000,0x00000000d6afe4d8,0x00000000d6b00000)
  to   space 2560K, 0% used [0x00000000d6c80000,0x00000000d6c80000,0x00000000d6f00000)
 ParOldGen       total 68608K, used 48971K [0x0000000080000000, 0x0000000084300000, 0x00000000d5580000)
  object space 68608K, 71% used [0x0000000080000000,0x0000000082fd2e88,0x0000000084300000)
 Metaspace       used 51950K, committed 53248K, reserved 1114112K
  class space    used 5662K, committed 6208K, reserved 1048576K
}
Event: 29.322 GC heap after
{Heap after GC invocations=36 (full 2):
 PSYoungGen      total 21504K, used 320K [0x00000000d5580000, 0x00000000d6d00000, 0x0000000100000000)
  eden space 20992K, 0% used [0x00000000d5580000,0x00000000d5580000,0x00000000d6a00000)
  from space 512K, 62% used [0x00000000d6c80000,0x00000000d6cd0000,0x00000000d6d00000)
  to   space 1024K, 0% used [0x00000000d6b00000,0x00000000d6b00000,0x00000000d6c00000)
 ParOldGen       total 68608K, used 49091K [0x0000000080000000, 0x0000000084300000, 0x00000000d5580000)
  object space 68608K, 71% used [0x0000000080000000,0x0000000082ff0e98,0x0000000084300000)
 Metaspace       used 51950K, committed 53248K, reserved 1114112K
  class space    used 5662K, committed 6208K, reserved 1048576K
}

