<?xml version="1.0" encoding="UTF-8"?>
<testsuite xmlns:xsi="http://www.w3.org/2001/XMLSchema-instance" xsi:noNamespaceSchemaLocation="https://maven.apache.org/surefire/maven-surefire-plugin/xsd/surefire-test-report.xsd" version="3.0.2" name="TestSuite" time="11.582" tests="1" errors="0" skipped="0" failures="0">
  <properties>
[...]
</properties>
  <testcase name="testSuccessfulLogin" classname="automation.LoginTest" time="9.271">
    <system-out><![CDATA[00:32:46.854 [main] INFO  automation.LoginTest - === Test Setup: Initializing driver ===
00:32:46.891 [main] INFO  automation.driver.DriverFactory - Creating driver for browser: EDGE
00:32:48.097 [main] INFO  automation.driver.DriverManager - Browser started: edge
00:32:48.210 [main] INFO  automation.LoginTest - === Test: testSuccessfulLogin ===
00:32:48.214 [main] INFO  automation.pageobjects.LoginPage - Navigating to URL: https://abajora-dashboard.neop.co/ar/admin/login
00:32:50.566 [main] INFO  automation.pageobjects.LoginPage - Logging in with email: admin@example.com
00:32:50.566 [main] INFO  automation.pageobjects.LoginPage - Entering email: admin@example.com
00:32:51.183 [main] INFO  automation.pageobjects.LoginPage - Entering password
00:32:51.231 [main] INFO  automation.pageobjects.LoginPage - Clicking submit button
00:32:51.297 [main] INFO  automation.pageobjects.LoginPage - Waiting for URL to change from: https://abajora-dashboard.neop.co/ar/admin/login
00:32:57.436 [main] INFO  automation.pageobjects.LoginPage - URL changed successfully
00:32:57.437 [main] INFO  automation.LoginTest - === Test: testSuccessfulLogin - PASSED ===
]]></system-out>
    <system-err><![CDATA[May 16, 2026 12:32:48 AM org.openqa.selenium.devtools.CdpVersionFinder findNearestMatch
WARNING: Unable to find an exact match for CDP version 148, returning the closest version; found: 147; Please update to a Selenium version that supports CDP version 148
]]></system-err>
  </testcase>
</testsuite>